<?xml version="1.0" encoding="UTF-8"?>
<coverage generated="1599085440869" clover="3.2.0">
  <project timestamp="1599085440869" name="All files">
    <metrics statements="19" coveredstatements="19" conditionals="16" coveredconditionals="14" methods="2" coveredmethods="2" elements="37" coveredelements="35" complexity="0" loc="19" ncloc="19" packages="1" files="2" classes="2"/>
    <file name="countryCodes.ts" path="/Users/stephen/code/react-flagkit/src/countryCodes.ts">
      <metrics statements="2" coveredstatements="2" conditionals="0" coveredconditionals="0" methods="0" coveredmethods="0"/>
      <line num="1" count="1" type="stmt"/>
      <line num="255" count="1" type="stmt"/>
    </file>
    <file name="index.tsx" path="/Users/stephen/code/react-flagkit/src/index.tsx">
      <metrics statements="17" coveredstatements="17" conditionals="16" coveredconditionals="14" methods="2" coveredmethods="2"/>
      <line num="1" count="1" type="stmt"/>
      <line num="2" count="1" type="stmt"/>
      <line num="14" count="1" type="stmt"/>
      <line num="15" count="3" type="cond" truecount="2" falsecount="0"/>
      <line num="16" count="3" type="cond" truecount="2" falsecount="0"/>
      <line num="17" count="3" type="cond" truecount="2" falsecount="0"/>
      <line num="18" count="3" type="stmt"/>
      <line num="19" count="3" type="stmt"/>
      <line num="20" count="3" type="stmt"/>
      <line num="22" count="3" type="cond" truecount="2" falsecount="0"/>
      <line num="23" count="2" type="stmt"/>
      <line num="24" count="477" type="cond" truecount="2" falsecount="0"/>
      <line num="26" count="1" type="stmt"/>
      <line num="27" count="1" type="stmt"/>
      <line num="30" count="1" type="stmt"/>
      <line num="41" count="1" type="stmt"/>
      <line num="43" count="1" type="stmt"/>
    </file>
  </project>
</coverage>
