{"/Users/stephen/code/react-flagkit/src/countryCodes.ts": {"path":"/Users/stephen/code/react-flagkit/src/countryCodes.ts","statementMap":{"0":{"start":{"line":1,"column":21},"end":{"line":253,"column":2}},"1":{"start":{"line":255,"column":0},"end":{"line":255,"column":28}}},"fnMap":{},"branchMap":{},"s":{"0":1,"1":1},"f":{},"b":{}}
,"/Users/stephen/code/react-flagkit/src/index.tsx": {"path":"/Users/stephen/code/react-flagkit/src/index.tsx","statementMap":{"0":{"start":{"line":1,"column":0},"end":{"line":1,"column":50}},"1":{"start":{"line":2,"column":0},"end":{"line":2,"column":42}},"2":{"start":{"line":14,"column":13},"end":{"line":44,"column":2}},"3":{"start":{"line":15,"column":2},"end":{"line":15,"column":9}},"4":{"start":{"line":15,"column":9},"end":{"line":15,"column":null}},"5":{"start":{"line":16,"column":2},"end":{"line":16,"column":6}},"6":{"start":{"line":16,"column":6},"end":{"line":16,"column":null}},"7":{"start":{"line":17,"column":2},"end":{"line":17,"column":6}},"8":{"start":{"line":17,"column":6},"end":{"line":17,"column":null}},"9":{"start":{"line":18,"column":5},"end":{"line":18,"column":null}},"10":{"start":{"line":19,"column":8},"end":{"line":19,"column":null}},"11":{"start":{"line":20,"column":10},"end":{"line":21,"column":null}},"12":{"start":{"line":22,"column":2},"end":{"line":42,"column":null}},"13":{"start":{"line":23,"column":24},"end":{"line":23,"column":61}},"14":{"start":{"line":24,"column":4},"end":{"line":40,"column":null}},"15":{"start":{"line":24,"column":32},"end":{"line":24,"column":47}},"16":{"start":{"line":26,"column":8},"end":{"line":26,"column":73}},"17":{"start":{"line":27,"column":22},"end":{"line":29,"column":42}},"18":{"start":{"line":30,"column":6},"end":{"line":39,"column":8}},"19":{"start":{"line":41,"column":4},"end":{"line":41,"column":38}},"20":{"start":{"line":43,"column":2},"end":{"line":43,"column":14}}},"fnMap":{"0":{"name":"(anonymous_0)","decl":{"start":{"line":14,"column":31},"end":{"line":14,"column":32}},"loc":{"start":{"line":21,"column":1},"end":{"line":44,"column":1}}},"1":{"name":"(anonymous_1)","decl":{"start":{"line":24,"column":26},"end":{"line":24,"column":28}},"loc":{"start":{"line":24,"column":28},"end":{"line":24,"column":34}}}},"branchMap":{"0":{"loc":{"start":{"line":15,"column":12},"end":{"line":15,"column":16}},"type":"cond-expr","locations":[{"start":{"line":15,"column":12},"end":{"line":15,"column":16}},{"start":{"line":15,"column":16},"end":{"line":15,"column":null}}]},"1":{"loc":{"start":{"line":16,"column":9},"end":{"line":16,"column":14}},"type":"cond-expr","locations":[{"start":{"line":16,"column":9},"end":{"line":16,"column":14}},{"start":{"line":16,"column":14},"end":{"line":16,"column":null}}]},"2":{"loc":{"start":{"line":17,"column":9},"end":{"line":17,"column":11}},"type":"cond-expr","locations":[{"start":{"line":17,"column":9},"end":{"line":17,"column":11}},{"start":{"line":17,"column":11},"end":{"line":17,"column":null}}]},"3":{"loc":{"start":{"line":22,"column":2},"end":{"line":42,"column":null}},"type":"if","locations":[{"start":{"line":22,"column":2},"end":{"line":42,"column":null}},{"start":{"line":22,"column":2},"end":{"line":42,"column":null}}]},"4":{"loc":{"start":{"line":24,"column":4},"end":{"line":40,"column":null}},"type":"if","locations":[{"start":{"line":24,"column":4},"end":{"line":40,"column":null}},{"start":{"line":24,"column":4},"end":{"line":40,"column":null}}]},"5":{"loc":{"start":{"line":28,"column":10},"end":{"line":28,"column":45}},"type":"cond-expr","locations":[{"start":{"line":28,"column":10},"end":{"line":28,"column":45}},{"start":{"line":29,"column":13},"end":{"line":29,"column":42}}]},"6":{"loc":{"start":{"line":34,"column":15},"end":{"line":34,"column":18}},"type":"cond-expr","locations":[{"start":{"line":34,"column":15},"end":{"line":34,"column":18}},{"start":{"line":34,"column":25},"end":{"line":34,"column":43}}]},"7":{"loc":{"start":{"line":34,"column":15},"end":{"line":34,"column":25}},"type":"binary-expr","locations":[{"start":{"line":34,"column":15},"end":{"line":34,"column":25}},{"start":{"line":34,"column":15},"end":{"line":34,"column":25}}]}},"s":{"0":1,"1":1,"2":1,"3":3,"4":3,"5":3,"6":3,"7":3,"8":3,"9":3,"10":3,"11":3,"12":3,"13":2,"14":2,"15":477,"16":1,"17":1,"18":1,"19":1,"20":1},"f":{"0":3,"1":477},"b":{"0":[1,2],"1":[2,1],"2":[2,1],"3":[2,1],"4":[1,1],"5":[0,1],"6":[0,1],"7":[1,1]}}
}
