TN:
SF:/Users/stephen/code/react-flagkit/src/countryCodes.ts
FNF:0
FNH:0
DA:1,1
DA:255,1
LF:2
LH:2
BRF:0
BRH:0
end_of_record
TN:
SF:/Users/stephen/code/react-flagkit/src/index.tsx
FN:14,(anonymous_0)
FN:24,(anonymous_1)
FNF:2
FNH:2
FNDA:3,(anonymous_0)
FNDA:477,(anonymous_1)
DA:1,1
DA:2,1
DA:14,1
DA:15,3
DA:16,3
DA:17,3
DA:18,3
DA:19,3
DA:20,3
DA:22,3
DA:23,2
DA:24,477
DA:26,1
DA:27,1
DA:30,1
DA:41,1
DA:43,1
LF:17
LH:17
BRDA:15,0,0,1
BRDA:15,0,1,2
BRDA:16,1,0,2
BRDA:16,1,1,1
BRDA:17,2,0,2
BRDA:17,2,1,1
BRDA:22,3,0,2
BRDA:22,3,1,1
BRDA:24,4,0,1
BRDA:24,4,1,1
BRDA:28,5,0,0
BRDA:28,5,1,1
BRDA:34,6,0,0
BRDA:34,6,1,1
BRDA:34,7,0,1
BRDA:34,7,1,1
BRF:16
BRH:14
end_of_record
